2022-12-09 17:35:59,833 [Worker-4: Loading available Gradle versions] INFO  o.e.b.c.i.u.g.PublishedGradleVersions - Gradle version information cache is up-to-date. Trying to read.
2022-12-09 17:36:25,142 [Worker-0: Updating Maven Dependencies] INFO  o.e.m.c.i.l.LifecycleMappingFactory - Using org.maven.ide.eclipse.wtp.WarLifecycleMapping lifecycle mapping for MavenProject: com.cj:myapp:1.0.0-BUILD-SNAPSHOT @ C:\Users\201-04\Desktop\pro04\pro04\pom.xml.
2022-12-09 17:36:25,481 [Worker-0: Updating Maven Dependencies] WARN  o.e.m.c.i.embedder.EclipseLogger - The POM for javax.validation:validation-api:jar:2.0.1.Final is missing, no dependency information available
2022-12-09 17:36:25,866 [Worker-1: Building workspace] INFO  o.e.m.c.i.l.LifecycleMappingFactory - Using org.maven.ide.eclipse.wtp.WarLifecycleMapping lifecycle mapping for MavenProject: com.cj:myapp:1.0.0-BUILD-SNAPSHOT @ C:\Users\201-04\Desktop\pro04\pro04\pom.xml.
2022-12-09 17:36:26,107 [Worker-1: Building workspace] WARN  o.e.m.c.i.embedder.EclipseLogger - The POM for javax.validation:validation-api:jar:2.0.1.Final is missing, no dependency information available
2022-12-09 17:36:26,422 [Worker-1: Building workspace] WARN  o.e.m.c.i.embedder.EclipseLogger - The POM for javax.validation:validation-api:jar:2.0.1.Final is missing, no dependency information available
2022-12-09 17:36:27,327 [Worker-1: Building workspace] WARN  o.e.m.c.i.embedder.EclipseLogger - Using platform encoding (MS949 actually) to copy filtered resources, i.e. build is platform dependent!
2022-12-09 17:36:27,331 [Worker-1: Building workspace] INFO  o.e.m.c.i.embedder.EclipseLogger - Copying 11 resources
2022-12-09 17:36:27,350 [Worker-1: Building workspace] WARN  o.e.m.c.i.embedder.EclipseLogger - Using platform encoding (MS949 actually) to copy filtered resources, i.e. build is platform dependent!
2022-12-09 17:36:27,351 [Worker-1: Building workspace] INFO  o.e.m.c.i.embedder.EclipseLogger - Copying 1 resource
2022-12-09 17:36:27,873 [Worker-11: Building workspace] WARN  o.e.m.c.i.embedder.EclipseLogger - The POM for javax.validation:validation-api:jar:2.0.1.Final is missing, no dependency information available
2022-12-09 17:36:27,952 [Worker-11: Building workspace] WARN  o.e.m.c.i.embedder.EclipseLogger - Using platform encoding (MS949 actually) to copy filtered resources, i.e. build is platform dependent!
2022-12-09 17:36:27,953 [Worker-11: Building workspace] INFO  o.e.m.c.i.embedder.EclipseLogger - Copying 11 resources
2022-12-09 17:36:27,955 [Worker-11: Building workspace] WARN  o.e.m.c.i.embedder.EclipseLogger - Using platform encoding (MS949 actually) to copy filtered resources, i.e. build is platform dependent!
2022-12-09 17:36:27,955 [Worker-11: Building workspace] INFO  o.e.m.c.i.embedder.EclipseLogger - Copying 1 resource
2022-12-09 17:36:28,018 [Worker-4: Building workspace] WARN  o.e.m.c.i.embedder.EclipseLogger - Using platform encoding (MS949 actually) to copy filtered resources, i.e. build is platform dependent!
2022-12-09 17:36:28,019 [Worker-4: Building workspace] INFO  o.e.m.c.i.embedder.EclipseLogger - Copying 11 resources
2022-12-09 17:36:28,021 [Worker-4: Building workspace] WARN  o.e.m.c.i.embedder.EclipseLogger - Using platform encoding (MS949 actually) to copy filtered resources, i.e. build is platform dependent!
2022-12-09 17:36:28,022 [Worker-4: Building workspace] INFO  o.e.m.c.i.embedder.EclipseLogger - Copying 1 resource
2022-12-09 17:36:28,072 [Worker-3: Building workspace] WARN  o.e.m.c.i.embedder.EclipseLogger - Using platform encoding (MS949 actually) to copy filtered resources, i.e. build is platform dependent!
2022-12-09 17:36:28,073 [Worker-3: Building workspace] INFO  o.e.m.c.i.embedder.EclipseLogger - Copying 11 resources
2022-12-09 17:36:28,074 [Worker-3: Building workspace] WARN  o.e.m.c.i.embedder.EclipseLogger - Using platform encoding (MS949 actually) to copy filtered resources, i.e. build is platform dependent!
2022-12-09 17:36:28,075 [Worker-3: Building workspace] INFO  o.e.m.c.i.embedder.EclipseLogger - Copying 1 resource
2022-12-09 17:36:28,134 [Worker-1: Building workspace] WARN  o.e.m.c.i.embedder.EclipseLogger - Using platform encoding (MS949 actually) to copy filtered resources, i.e. build is platform dependent!
2022-12-09 17:36:28,135 [Worker-1: Building workspace] INFO  o.e.m.c.i.embedder.EclipseLogger - Copying 11 resources
2022-12-09 17:36:28,136 [Worker-1: Building workspace] WARN  o.e.m.c.i.embedder.EclipseLogger - Using platform encoding (MS949 actually) to copy filtered resources, i.e. build is platform dependent!
2022-12-09 17:36:28,137 [Worker-1: Building workspace] INFO  o.e.m.c.i.embedder.EclipseLogger - Copying 1 resource
2022-12-09 17:36:28,181 [Worker-11: Building workspace] WARN  o.e.m.c.i.embedder.EclipseLogger - Using platform encoding (MS949 actually) to copy filtered resources, i.e. build is platform dependent!
2022-12-09 17:36:28,181 [Worker-11: Building workspace] INFO  o.e.m.c.i.embedder.EclipseLogger - Copying 11 resources
2022-12-09 17:36:28,183 [Worker-11: Building workspace] WARN  o.e.m.c.i.embedder.EclipseLogger - Using platform encoding (MS949 actually) to copy filtered resources, i.e. build is platform dependent!
2022-12-09 17:36:28,184 [Worker-11: Building workspace] INFO  o.e.m.c.i.embedder.EclipseLogger - Copying 1 resource
2022-12-09 17:36:29,562 [Worker-11: Updating Maven Dependencies] INFO  o.e.m.c.i.l.LifecycleMappingFactory - Using org.maven.ide.eclipse.wtp.WarLifecycleMapping lifecycle mapping for MavenProject: com.cj:myapp:1.0.0-BUILD-SNAPSHOT @ C:\Users\201-04\Desktop\pro04\pro04\pom.xml.
2022-12-09 17:36:29,816 [Worker-11: Updating Maven Dependencies] WARN  o.e.m.c.i.embedder.EclipseLogger - The POM for javax.validation:validation-api:jar:2.0.1.Final is missing, no dependency information available
2022-12-09 17:36:37,299 [Worker-1: reload maven project] WARN  o.e.m.c.i.embedder.EclipseLogger - The POM for javax.validation:validation-api:jar:2.0.1.Final is missing, no dependency information available
2022-12-09 17:36:56,555 [Worker-2: Building] INFO  o.e.m.c.i.l.LifecycleMappingFactory - Using org.maven.ide.eclipse.wtp.WarLifecycleMapping lifecycle mapping for MavenProject: com.cj:myapp:1.0.0-BUILD-SNAPSHOT @ C:\Users\201-04\Desktop\pro04\pro04\pom.xml.
2022-12-09 17:36:56,688 [Worker-2: Building] WARN  o.e.m.c.i.embedder.EclipseLogger - The POM for javax.validation:validation-api:jar:2.0.1.Final is missing, no dependency information available
2022-12-09 17:37:39,207 [Worker-11: reload maven project] WARN  o.e.m.c.i.embedder.EclipseLogger - The POM for javax.validation:validation-api:jar:2.0.1.Final is missing, no dependency information available
2022-12-09 17:37:39,262 [Worker-4: Building] INFO  o.e.m.c.i.l.LifecycleMappingFactory - Using org.maven.ide.eclipse.wtp.WarLifecycleMapping lifecycle mapping for MavenProject: com.cj:myapp:1.0.0-BUILD-SNAPSHOT @ C:\Users\201-04\Desktop\pro04\pro04\pom.xml.
2022-12-09 17:37:39,408 [Worker-4: Building] WARN  o.e.m.c.i.embedder.EclipseLogger - The POM for javax.validation:validation-api:jar:2.0.1.Final is missing, no dependency information available
2022-12-09 17:37:39,581 [Worker-4: Building] WARN  o.e.m.c.i.embedder.EclipseLogger - The POM for javax.validation:validation-api:jar:2.0.1.Final is missing, no dependency information available
2022-12-09 17:37:39,976 [Worker-4: Building] WARN  o.e.m.c.i.embedder.EclipseLogger - Using platform encoding (MS949 actually) to copy filtered resources, i.e. build is platform dependent!
2022-12-09 17:37:39,978 [Worker-4: Building] INFO  o.e.m.c.i.embedder.EclipseLogger - Copying 0 resource
2022-12-09 17:37:39,979 [Worker-4: Building] WARN  o.e.m.c.i.embedder.EclipseLogger - Using platform encoding (MS949 actually) to copy filtered resources, i.e. build is platform dependent!
2022-12-09 17:37:39,979 [Worker-4: Building] INFO  o.e.m.c.i.embedder.EclipseLogger - Copying 0 resource
2022-12-09 17:37:39,981 [Worker-4: Building] INFO  o.e.m.w.i.f.ResourceFilteringBuildParticipant - Changed resources require a complete clean of filtered resources of pro04
2022-12-09 17:37:39,981 [Worker-4: Building] INFO  o.e.m.w.i.f.ResourceFilteringBuildParticipant - Executing resource filtering for pro04
2022-12-09 17:37:39,984 [Worker-4: Building] WARN  o.e.m.c.i.embedder.EclipseLogger - Using platform encoding (MS949 actually) to copy filtered resources, i.e. build is platform dependent!
2022-12-09 17:37:42,247 [Worker-11: Building] WARN  o.e.m.c.i.embedder.EclipseLogger - The POM for javax.validation:validation-api:jar:2.0.1.Final is missing, no dependency information available
2022-12-09 17:37:42,280 [Worker-11: Building] WARN  o.e.m.c.i.embedder.EclipseLogger - Using platform encoding (MS949 actually) to copy filtered resources, i.e. build is platform dependent!
2022-12-09 17:37:42,283 [Worker-11: Building] INFO  o.e.m.c.i.embedder.EclipseLogger - Copying 11 resources
2022-12-09 17:37:42,307 [Worker-11: Building] WARN  o.e.m.c.i.embedder.EclipseLogger - Using platform encoding (MS949 actually) to copy filtered resources, i.e. build is platform dependent!
2022-12-09 17:37:42,308 [Worker-11: Building] INFO  o.e.m.c.i.embedder.EclipseLogger - Copying 1 resource
2022-12-09 17:42:57,475 [Worker-6: Loading available Gradle versions] INFO  o.e.b.c.i.u.g.PublishedGradleVersions - Gradle version information cache is up-to-date. Trying to read.
2022-12-09 17:42:57,763 [Worker-9: reload maven project] ERROR o.e.m2e.editor.pom.MavenPomEditor - failed to load maven project for org.eclipse.ui.part.FileEditorInput(/pro04/pom.xml)
org.eclipse.core.runtime.CoreException: Could not read maven project
	at org.eclipse.m2e.core.internal.project.registry.ProjectRegistryManager.readProjectWithDependencies(ProjectRegistryManager.java:847) ~[na:na]
	at org.eclipse.m2e.core.internal.project.registry.ProjectRegistryManager.lambda$22(ProjectRegistryManager.java:1064) ~[na:na]
	at com.google.common.cache.LocalCache$LocalManualCache$1.load(LocalCache.java:4878) ~[na:na]
	at com.google.common.cache.LocalCache$LoadingValueReference.loadFuture(LocalCache.java:3529) ~[na:na]
	at com.google.common.cache.LocalCache$Segment.loadSync(LocalCache.java:2278) ~[na:na]
	at com.google.common.cache.LocalCache$Segment.lockedGetOrLoad(LocalCache.java:2155) ~[na:na]
	at com.google.common.cache.LocalCache$Segment.get(LocalCache.java:2045) ~[na:na]
	at com.google.common.cache.LocalCache.get(LocalCache.java:3953) ~[na:na]
	at com.google.common.cache.LocalCache$LocalManualCache.get(LocalCache.java:4873) ~[na:na]
	at org.eclipse.m2e.core.internal.project.registry.ProjectRegistryManager.getMavenProject(ProjectRegistryManager.java:1063) ~[na:na]
	at org.eclipse.m2e.core.internal.project.registry.MavenProjectFacade.getMavenProject(MavenProjectFacade.java:244) ~[na:na]
	at org.eclipse.m2e.core.ui.internal.actions.SelectionUtil.getMavenProject(SelectionUtil.java:261) ~[org.eclipse.m2e.core.ui_1.15.0.20200305-1308.jar:na]
	at org.eclipse.m2e.editor.pom.MavenPomEditor.readMavenProject(MavenPomEditor.java:717) ~[na:na]
	at org.eclipse.m2e.editor.pom.MavenPomEditor$3.run(MavenPomEditor.java:1043) ~[na:na]
	at org.eclipse.core.internal.jobs.Worker.run(Worker.java:63) [org.eclipse.core.jobs_3.10.700.v20200106-1020.jar:na]
2022-12-09 17:43:24,612 [Worker-0: Loading available Gradle versions] INFO  o.e.b.c.i.u.g.PublishedGradleVersions - Gradle version information cache is up-to-date. Trying to read.
2022-12-09 17:43:24,851 [Worker-9: reload maven project] ERROR o.e.m2e.editor.pom.MavenPomEditor - failed to load maven project for org.eclipse.ui.part.FileEditorInput(/pro04/pom.xml)
org.eclipse.core.runtime.CoreException: Could not read maven project
	at org.eclipse.m2e.core.internal.project.registry.ProjectRegistryManager.readProjectWithDependencies(ProjectRegistryManager.java:847) ~[na:na]
	at org.eclipse.m2e.core.internal.project.registry.ProjectRegistryManager.lambda$22(ProjectRegistryManager.java:1064) ~[na:na]
	at com.google.common.cache.LocalCache$LocalManualCache$1.load(LocalCache.java:4878) ~[na:na]
	at com.google.common.cache.LocalCache$LoadingValueReference.loadFuture(LocalCache.java:3529) ~[na:na]
	at com.google.common.cache.LocalCache$Segment.loadSync(LocalCache.java:2278) ~[na:na]
	at com.google.common.cache.LocalCache$Segment.lockedGetOrLoad(LocalCache.java:2155) ~[na:na]
	at com.google.common.cache.LocalCache$Segment.get(LocalCache.java:2045) ~[na:na]
	at com.google.common.cache.LocalCache.get(LocalCache.java:3953) ~[na:na]
	at com.google.common.cache.LocalCache$LocalManualCache.get(LocalCache.java:4873) ~[na:na]
	at org.eclipse.m2e.core.internal.project.registry.ProjectRegistryManager.getMavenProject(ProjectRegistryManager.java:1063) ~[na:na]
	at org.eclipse.m2e.core.internal.project.registry.MavenProjectFacade.getMavenProject(MavenProjectFacade.java:244) ~[na:na]
	at org.eclipse.m2e.core.ui.internal.actions.SelectionUtil.getMavenProject(SelectionUtil.java:261) ~[org.eclipse.m2e.core.ui_1.15.0.20200305-1308.jar:na]
	at org.eclipse.m2e.editor.pom.MavenPomEditor.readMavenProject(MavenPomEditor.java:717) ~[na:na]
	at org.eclipse.m2e.editor.pom.MavenPomEditor$3.run(MavenPomEditor.java:1043) ~[na:na]
	at org.eclipse.core.internal.jobs.Worker.run(Worker.java:63) [org.eclipse.core.jobs_3.10.700.v20200106-1020.jar:na]
2022-12-09 17:43:45,551 [Worker-0: Updating Maven Dependencies] INFO  o.e.m.c.i.l.LifecycleMappingFactory - Using org.maven.ide.eclipse.wtp.WarLifecycleMapping lifecycle mapping for MavenProject: com.cj:myapp:1.0.0-BUILD-SNAPSHOT @ D:\jinseok\pro01\pro04\pro04\pom.xml.
2022-12-09 17:43:45,934 [Worker-0: Updating Maven Dependencies] WARN  o.e.m.c.i.embedder.EclipseLogger - The POM for javax.validation:validation-api:jar:2.0.1.Final is missing, no dependency information available
2022-12-09 17:43:46,378 [Worker-13: Building workspace] INFO  o.e.m.c.i.l.LifecycleMappingFactory - Using org.maven.ide.eclipse.wtp.WarLifecycleMapping lifecycle mapping for MavenProject: com.cj:myapp:1.0.0-BUILD-SNAPSHOT @ D:\jinseok\pro01\pro04\pro04\pom.xml.
2022-12-09 17:43:46,752 [Worker-13: Building workspace] WARN  o.e.m.c.i.embedder.EclipseLogger - The POM for javax.validation:validation-api:jar:2.0.1.Final is missing, no dependency information available
2022-12-09 17:43:47,328 [Worker-13: Building workspace] WARN  o.e.m.c.i.embedder.EclipseLogger - The POM for javax.validation:validation-api:jar:2.0.1.Final is missing, no dependency information available
2022-12-09 17:43:48,335 [Worker-13: Building workspace] WARN  o.e.m.c.i.embedder.EclipseLogger - Using platform encoding (MS949 actually) to copy filtered resources, i.e. build is platform dependent!
2022-12-09 17:43:48,342 [Worker-13: Building workspace] INFO  o.e.m.c.i.embedder.EclipseLogger - Copying 11 resources
2022-12-09 17:43:48,379 [Worker-13: Building workspace] WARN  o.e.m.c.i.embedder.EclipseLogger - Using platform encoding (MS949 actually) to copy filtered resources, i.e. build is platform dependent!
2022-12-09 17:43:48,380 [Worker-13: Building workspace] INFO  o.e.m.c.i.embedder.EclipseLogger - Copying 1 resource
2022-12-09 17:43:48,956 [Worker-15: Building workspace] WARN  o.e.m.c.i.embedder.EclipseLogger - The POM for javax.validation:validation-api:jar:2.0.1.Final is missing, no dependency information available
2022-12-09 17:43:49,023 [Worker-15: Building workspace] WARN  o.e.m.c.i.embedder.EclipseLogger - Using platform encoding (MS949 actually) to copy filtered resources, i.e. build is platform dependent!
2022-12-09 17:43:49,023 [Worker-15: Building workspace] INFO  o.e.m.c.i.embedder.EclipseLogger - Copying 11 resources
2022-12-09 17:43:49,031 [Worker-15: Building workspace] WARN  o.e.m.c.i.embedder.EclipseLogger - Using platform encoding (MS949 actually) to copy filtered resources, i.e. build is platform dependent!
2022-12-09 17:43:49,031 [Worker-15: Building workspace] INFO  o.e.m.c.i.embedder.EclipseLogger - Copying 1 resource
2022-12-09 17:43:49,438 [Worker-15: Building workspace] WARN  o.e.m.c.i.embedder.EclipseLogger - Using platform encoding (MS949 actually) to copy filtered resources, i.e. build is platform dependent!
2022-12-09 17:43:49,438 [Worker-15: Building workspace] INFO  o.e.m.c.i.embedder.EclipseLogger - Copying 11 resources
2022-12-09 17:43:49,445 [Worker-15: Building workspace] WARN  o.e.m.c.i.embedder.EclipseLogger - Using platform encoding (MS949 actually) to copy filtered resources, i.e. build is platform dependent!
2022-12-09 17:43:49,446 [Worker-15: Building workspace] INFO  o.e.m.c.i.embedder.EclipseLogger - Copying 1 resource
2022-12-09 17:43:49,708 [Worker-6: Building workspace] WARN  o.e.m.c.i.embedder.EclipseLogger - Using platform encoding (MS949 actually) to copy filtered resources, i.e. build is platform dependent!
2022-12-09 17:43:49,708 [Worker-6: Building workspace] INFO  o.e.m.c.i.embedder.EclipseLogger - Copying 11 resources
2022-12-09 17:43:49,712 [Worker-6: Building workspace] WARN  o.e.m.c.i.embedder.EclipseLogger - Using platform encoding (MS949 actually) to copy filtered resources, i.e. build is platform dependent!
2022-12-09 17:43:49,713 [Worker-6: Building workspace] INFO  o.e.m.c.i.embedder.EclipseLogger - Copying 1 resource
2022-12-09 17:43:49,928 [Worker-9: Building workspace] WARN  o.e.m.c.i.embedder.EclipseLogger - Using platform encoding (MS949 actually) to copy filtered resources, i.e. build is platform dependent!
2022-12-09 17:43:49,928 [Worker-9: Building workspace] INFO  o.e.m.c.i.embedder.EclipseLogger - Copying 11 resources
2022-12-09 17:43:49,935 [Worker-9: Building workspace] WARN  o.e.m.c.i.embedder.EclipseLogger - Using platform encoding (MS949 actually) to copy filtered resources, i.e. build is platform dependent!
2022-12-09 17:43:49,936 [Worker-9: Building workspace] INFO  o.e.m.c.i.embedder.EclipseLogger - Copying 1 resource
2022-12-09 17:43:50,295 [Worker-11: Updating Maven Dependencies] INFO  o.e.m.c.i.l.LifecycleMappingFactory - Using org.maven.ide.eclipse.wtp.WarLifecycleMapping lifecycle mapping for MavenProject: com.cj:myapp:1.0.0-BUILD-SNAPSHOT @ D:\jinseok\pro01\pro04\pro04\pom.xml.
2022-12-09 17:43:50,367 [Worker-16: Building workspace] WARN  o.e.m.c.i.embedder.EclipseLogger - The POM for javax.validation:validation-api:jar:2.0.1.Final is missing, no dependency information available
2022-12-09 17:43:50,417 [Worker-11: Updating Maven Dependencies] WARN  o.e.m.c.i.embedder.EclipseLogger - The POM for javax.validation:validation-api:jar:2.0.1.Final is missing, no dependency information available
2022-12-09 17:43:50,523 [Worker-16: Building workspace] WARN  o.e.m.c.i.embedder.EclipseLogger - Using platform encoding (MS949 actually) to copy filtered resources, i.e. build is platform dependent!
2022-12-09 17:43:50,524 [Worker-16: Building workspace] INFO  o.e.m.c.i.embedder.EclipseLogger - Copying 11 resources
2022-12-09 17:43:50,536 [Worker-16: Building workspace] WARN  o.e.m.c.i.embedder.EclipseLogger - Using platform encoding (MS949 actually) to copy filtered resources, i.e. build is platform dependent!
2022-12-09 17:43:50,536 [Worker-16: Building workspace] INFO  o.e.m.c.i.embedder.EclipseLogger - Copying 1 resource
2022-12-09 17:44:19,167 [Worker-17: Building] WARN  o.e.m.c.i.embedder.EclipseLogger - The POM for javax.validation:validation-api:jar:2.0.1.Final is missing, no dependency information available
2022-12-09 17:44:19,192 [Worker-17: Building] WARN  o.e.m.c.i.embedder.EclipseLogger - Using platform encoding (MS949 actually) to copy filtered resources, i.e. build is platform dependent!
2022-12-09 17:44:19,194 [Worker-17: Building] INFO  o.e.m.c.i.embedder.EclipseLogger - Copying 0 resource
2022-12-09 17:44:19,195 [Worker-17: Building] WARN  o.e.m.c.i.embedder.EclipseLogger - Using platform encoding (MS949 actually) to copy filtered resources, i.e. build is platform dependent!
2022-12-09 17:44:19,196 [Worker-17: Building] INFO  o.e.m.c.i.embedder.EclipseLogger - Copying 0 resource
2022-12-09 17:45:58,271 [Worker-0: Building] WARN  o.e.m.c.i.embedder.EclipseLogger - Using platform encoding (MS949 actually) to copy filtered resources, i.e. build is platform dependent!
2022-12-09 17:45:58,275 [Worker-0: Building] INFO  o.e.m.c.i.embedder.EclipseLogger - Copying 11 resources
2022-12-09 17:45:58,284 [Worker-0: Building] WARN  o.e.m.c.i.embedder.EclipseLogger - Using platform encoding (MS949 actually) to copy filtered resources, i.e. build is platform dependent!
2022-12-09 17:45:58,285 [Worker-0: Building] INFO  o.e.m.c.i.embedder.EclipseLogger - Copying 1 resource
2022-12-09 17:45:58,288 [Worker-0: Building] INFO  o.e.m.w.i.f.ResourceFilteringBuildParticipant - Changed resources require a complete clean of filtered resources of pro04
2022-12-09 17:45:58,288 [Worker-0: Building] INFO  o.e.m.w.i.f.ResourceFilteringBuildParticipant - Executing resource filtering for pro04
2022-12-09 17:45:58,295 [Worker-0: Building] WARN  o.e.m.c.i.embedder.EclipseLogger - Using platform encoding (MS949 actually) to copy filtered resources, i.e. build is platform dependent!
2022-12-09 17:47:07,170 [Worker-0: Building] WARN  o.e.m.c.i.embedder.EclipseLogger - Using platform encoding (MS949 actually) to copy filtered resources, i.e. build is platform dependent!
2022-12-09 17:47:07,171 [Worker-0: Building] INFO  o.e.m.c.i.embedder.EclipseLogger - Copying 11 resources
2022-12-09 17:47:07,179 [Worker-0: Building] WARN  o.e.m.c.i.embedder.EclipseLogger - Using platform encoding (MS949 actually) to copy filtered resources, i.e. build is platform dependent!
2022-12-09 17:47:07,180 [Worker-0: Building] INFO  o.e.m.c.i.embedder.EclipseLogger - Copying 1 resource
2022-12-09 17:48:53,442 [Worker-11: Building] WARN  o.e.m.c.i.embedder.EclipseLogger - Using platform encoding (MS949 actually) to copy filtered resources, i.e. build is platform dependent!
2022-12-09 17:48:53,442 [Worker-11: Building] INFO  o.e.m.c.i.embedder.EclipseLogger - Copying 0 resource
2022-12-09 17:48:53,443 [Worker-11: Building] WARN  o.e.m.c.i.embedder.EclipseLogger - Using platform encoding (MS949 actually) to copy filtered resources, i.e. build is platform dependent!
2022-12-09 17:48:53,444 [Worker-11: Building] INFO  o.e.m.c.i.embedder.EclipseLogger - Copying 0 resource
2022-12-09 17:49:03,776 [Worker-15: Building] WARN  o.e.m.c.i.embedder.EclipseLogger - Using platform encoding (MS949 actually) to copy filtered resources, i.e. build is platform dependent!
2022-12-09 17:49:03,776 [Worker-15: Building] INFO  o.e.m.c.i.embedder.EclipseLogger - Copying 0 resource
2022-12-09 17:49:03,778 [Worker-15: Building] WARN  o.e.m.c.i.embedder.EclipseLogger - Using platform encoding (MS949 actually) to copy filtered resources, i.e. build is platform dependent!
2022-12-09 17:49:03,779 [Worker-15: Building] INFO  o.e.m.c.i.embedder.EclipseLogger - Copying 0 resource
2022-12-09 17:51:54,155 [Worker-6: Building] WARN  o.e.m.c.i.embedder.EclipseLogger - Using platform encoding (MS949 actually) to copy filtered resources, i.e. build is platform dependent!
2022-12-09 17:51:54,155 [Worker-6: Building] INFO  o.e.m.c.i.embedder.EclipseLogger - Copying 0 resource
2022-12-09 17:51:54,156 [Worker-6: Building] WARN  o.e.m.c.i.embedder.EclipseLogger - Using platform encoding (MS949 actually) to copy filtered resources, i.e. build is platform dependent!
2022-12-09 17:51:54,157 [Worker-6: Building] INFO  o.e.m.c.i.embedder.EclipseLogger - Copying 0 resource
2022-12-09 17:52:00,313 [Worker-6: Building] WARN  o.e.m.c.i.embedder.EclipseLogger - Using platform encoding (MS949 actually) to copy filtered resources, i.e. build is platform dependent!
2022-12-09 17:52:00,314 [Worker-6: Building] INFO  o.e.m.c.i.embedder.EclipseLogger - Copying 0 resource
2022-12-09 17:52:00,315 [Worker-6: Building] WARN  o.e.m.c.i.embedder.EclipseLogger - Using platform encoding (MS949 actually) to copy filtered resources, i.e. build is platform dependent!
2022-12-09 17:52:00,315 [Worker-6: Building] INFO  o.e.m.c.i.embedder.EclipseLogger - Copying 0 resource
2022-12-09 17:52:17,580 [Worker-15: Building] WARN  o.e.m.c.i.embedder.EclipseLogger - Using platform encoding (MS949 actually) to copy filtered resources, i.e. build is platform dependent!
2022-12-09 17:52:17,581 [Worker-15: Building] INFO  o.e.m.c.i.embedder.EclipseLogger - Copying 0 resource
2022-12-09 17:52:17,581 [Worker-15: Building] WARN  o.e.m.c.i.embedder.EclipseLogger - Using platform encoding (MS949 actually) to copy filtered resources, i.e. build is platform dependent!
2022-12-09 17:52:17,582 [Worker-15: Building] INFO  o.e.m.c.i.embedder.EclipseLogger - Copying 0 resource
2022-12-09 17:53:07,109 [Worker-21: Building] WARN  o.e.m.c.i.embedder.EclipseLogger - Using platform encoding (MS949 actually) to copy filtered resources, i.e. build is platform dependent!
2022-12-09 17:53:07,109 [Worker-21: Building] INFO  o.e.m.c.i.embedder.EclipseLogger - Copying 0 resource
2022-12-09 17:53:07,110 [Worker-21: Building] WARN  o.e.m.c.i.embedder.EclipseLogger - Using platform encoding (MS949 actually) to copy filtered resources, i.e. build is platform dependent!
2022-12-09 17:53:07,111 [Worker-21: Building] INFO  o.e.m.c.i.embedder.EclipseLogger - Copying 0 resource
